#
# A fatal error has been detected by the Java Runtime Environment:
#
#  EXCEPTION_ACCESS_VIOLATION (0xc0000005) at pc=0x00007ffb59253004, pid=16948, tid=8976
#
# JRE version: OpenJDK Runtime Environment (24.0+36) (build 24+36-3646)
# Java VM: OpenJDK 64-Bit Server VM (24+36-3646, mixed mode, emulated-client, sharing, tiered, compressed oops, compressed class ptrs, g1 gc, windows-amd64)
# Problematic frame:
# C  [libasyncProfiler.dll+0x93004]
#
# No core dump will be written. Minidumps are not enabled by default on client versions of Windows
#
# JFR recording file will be written. Location: C:\Users\chari\IdeaProjects\Academic_System\hs_err_pid16948.jfr
#
# If you would like to submit a bug report, please visit:
#   https://bugreport.java.com/bugreport/crash.jsp
# The crash happened outside the Java Virtual Machine in native code.
# See problematic frame for where to report the bug.
#

---------------  S U M M A R Y ------------

Command Line: -XX:TieredStopAtLevel=1 -Dspring.output.ansi.enabled=always -Dcom.sun.management.jmxremote -Dspring.jmx.enabled=true -Dspring.liveBeansView.mbeanDomain -Dspring.application.admin.enabled=true -Dmanagement.endpoints.jmx.exposure.include=* -javaagent:C:\Program Files\JetBrains\IntelliJ IDEA 2024.3.5\lib\idea_rt.jar=55291 -Dfile.encoding=UTF-8 -Dsun.stdout.encoding=UTF-8 -Dsun.stderr.encoding=UTF-8 com.example.academic_system.AcademicSystemApplication

Host: Intel(R) Core(TM) i5-8350U CPU @ 1.70GHz, 8 cores, 15G,  Windows 11 , 64 bit Build 26100 (10.0.26100.4202)
Time: Mon Jun  9 21:53:10 2025 SE Asia Standard Time elapsed time: 17.924686 seconds (0d 0h 0m 17s)

---------------  T H R E A D  ---------------

Current thread (0x000002bccfc28380):  JavaThread "Attach Listener" daemon [_thread_in_native, id=8976, stack(0x000000f7db300000,0x000000f7db400000) (1024K)]

Stack: [0x000000f7db300000,0x000000f7db400000],  sp=0x000000f7db3ff080,  free space=1020k
Native frames: (J=compiled Java code, j=interpreted, Vv=VM code, C=native code)
C  [libasyncProfiler.dll+0x93004]  (no source info available)
C  [libasyncProfiler.dll+0x934db]  (no source info available)
C  [libasyncProfiler.dll+0x92134]  (no source info available)
C  [libasyncProfiler.dll+0x929aa]  (no source info available)
C  [libasyncProfiler.dll+0x8d561]  (no source info available)
C  [libasyncProfiler.dll+0x7ef21]  (no source info available)
C  [libasyncProfiler.dll+0x7dc38]  (no source info available)
C  [libasyncProfiler.dll+0x7db20]  (no source info available)
C  [libasyncProfiler.dll+0x84af9]  (no source info available)
V  [jvm.dll+0x57f1b7]  (no source info available)
V  [jvm.dll+0x57ff2c]  (no source info available)
V  [jvm.dll+0x14c9b7]  (no source info available)
V  [jvm.dll+0x14df81]  (no source info available)
V  [jvm.dll+0x42f566]  (no source info available)
V  [jvm.dll+0x87d8fb]  (no source info available)
V  [jvm.dll+0x72efe5]  (no source info available)
C  [ucrtbase.dll+0x37b0]  (no source info available)
C  [KERNEL32.DLL+0x2e8d7]  (no source info available)
C  [ntdll.dll+0x3c34c]  (no source info available)


siginfo: EXCEPTION_ACCESS_VIOLATION (0xc0000005), reading address 0xffffffffffffffff


Registers:
RAX=0x0000000000000010, RBX=0x0000000000000000, RCX=0xffffffffffffffff, RDX=0x007ffaec9c2ff010
RSP=0x000000f7db3ff080, RBP=0x000002bd176c4fb0, RSI=0x000000f7db3ff1f0, RDI=0x000002bd176c4fb0
R8 =0x0000000000000042, R9 =0x0000000703201e28, R10=0x00007ffaecc39fc0, R11=0x0000000000000028
R12=0x000000f7db3ff1f0, R13=0x000002bd1521e940, R14=0x000002bccfc28748, R15=0x000002bccfc28748
RIP=0x00007ffb59253004, EFLAGS=0x0000000000010202

XMM[0]=0x0000000000000000 0x0000000000000000
XMM[1]=0x0000000000000000 0x0000000000000000
XMM[2]=0x0000000000000000 0x0000000000000000
XMM[3]=0x0000000000000000 0x0000000000000000
XMM[4]=0x0000000000000000 0x0000000000000000
XMM[5]=0x0000000000000000 0x0000000000000000
XMM[6]=0x0000000000000000 0x0000000000000000
XMM[7]=0x0000000000000000 0x0000000000000000
XMM[8]=0x0000000000000000 0x0000000000000000
XMM[9]=0x0000000000000000 0x0000000000000000
XMM[10]=0x0000000000000000 0x0000000000000000
XMM[11]=0x0000000000000000 0x0000000000000000
XMM[12]=0x0000000000000000 0x0000000000000000
XMM[13]=0x0000000000000000 0x0000000000000000
XMM[14]=0x0000000000000000 0x0000000000000000
XMM[15]=0x0000000000000000 0x0000000000000000
  MXCSR=0x00001fa0


Register to memory mapping:

RAX=0x0000000000000010 is an unknown value
RBX=0x0 is null
RCX=0xffffffffffffffff is an unknown value
RDX=0x007ffaec9c2ff010 is an unknown value
RSP=0x000000f7db3ff080 is pointing into the stack for thread: 0x000002bccfc28380
RBP=0x000002bd176c4fb0 points into unknown readable memory: 0x0000000703201e28 | 28 1e 20 03 07 00 00 00
RSI=0x000000f7db3ff1f0 is pointing into the stack for thread: 0x000002bccfc28380
RDI=0x000002bd176c4fb0 points into unknown readable memory: 0x0000000703201e28 | 28 1e 20 03 07 00 00 00
R8 =0x0000000000000042 is an unknown value
R9 =0x0000000703201e28 is an oop: java.lang.ref.Reference$ReferenceHandler 
{0x0000000703201e28} - klass: 'java/lang/ref/Reference$ReferenceHandler' - flags: 

 - ---- fields (total size 14 words):
 - 'threadLocalRandomProbe' 'I' @12  0 (0x00000000)
 - private volatile 'eetop' 'J' @16  3009962724192 (0x000002bccfc24b60)
 - private final 'tid' 'J' @24  14 (0x000000000000000e)
 - 'threadLocalRandomSeed' 'J' @32  0 (0x0000000000000000)
 - injected 'jvmti_thread_state' 'J' @40  3011166062832 (0x000002bd177bc8f0)
 - 'threadLocalRandomSecondarySeed' 'I' @48  0 (0x00000000)
 - injected 'jvmti_VTMS_transition_disable_count' 'I' @52  0 (0x00000000)
 - injected 'jfr_epoch' 'S' @56  0 (0x0000)
 - volatile 'interrupted' 'Z' @58  false (0x00)
 - injected 'jvmti_is_in_VTMS_transition' 'Z' @59  false (0x00)
 - private volatile 'name' 'Ljava/lang/String;' @60  "Reference Handler"{0x0000000703d018e8} (0xe07a031d)
 - private volatile 'contextClassLoader' 'Ljava/lang/ClassLoader;' @64  null (0x00000000)
 - private final 'holder' 'Ljava/lang/Thread$FieldHolder;' @68  a 'java/lang/Thread$FieldHolder'{0x0000000703a6f258} (0xe074de4b)
 - 'threadLocals' 'Ljava/lang/ThreadLocal$ThreadLocalMap;' @72  null (0x00000000)
 - 'inheritableThreadLocals' 'Ljava/lang/ThreadLocal$ThreadLocalMap;' @76  null (0x00000000)
 - private 'scopedValueBindings' 'Ljava/lang/Object;' @80  a 'java/lang/Class'{0x0000000703c3c500} = 'java/lang/Thread' (0xe07878a0)
 - final 'interruptLock' 'Ljava/lang/Object;' @84  a 'java/lang/Object'{0x0000000703a6f248} (0xe074de49)
 - private volatile 'parkBlocker' 'Ljava/lang/Object;' @88  null (0x00000000)
 - private 'nioBlocker' 'Lsun/nio/ch/Interruptible;' @92  null (0x00000000)
 - private 'cont' 'Ljdk/internal/vm/Continuation;' @96  null (0x00000000)
 - private volatile 'uncaughtExceptionHandler' 'Ljava/lang/Thread$UncaughtExceptionHandler;' @100  null (0x00000000)
 - private 'container' 'Ljdk/internal/vm/ThreadContainer;' @104  null (0x00000000)
 - private volatile 'headStackableScopes' 'Ljdk/internal/vm/StackableScope;' @108  null (0x00000000)
R10=0x00007ffaecc39fc0 jvm.dll
R11=0x0000000000000028 is an unknown value
R12=0x000000f7db3ff1f0 is pointing into the stack for thread: 0x000002bccfc28380
R13=0x000002bd1521e940 points into unknown readable memory: 0x00007ffaecbaa510 | 10 a5 ba ec fa 7f 00 00
R14=0x000002bccfc28748 points into unknown readable memory: 0x00007ffaecba17b0 | b0 17 ba ec fa 7f 00 00
R15=0x000002bccfc28748 points into unknown readable memory: 0x00007ffaecba17b0 | b0 17 ba ec fa 7f 00 00

Top of Stack: (sp=0x000000f7db3ff080)
0x000000f7db3ff080:   000000f7db3ff1f0 000002bd176c4fb0   ..?......Ol.....
0x000000f7db3ff090:   0000000000000000 000002bccfc28ad0   ................
0x000000f7db3ff0a0:   000000000000003b 00007ffb592534db   ;........4%Y....
0x000000f7db3ff0b0:   0000000000000000 000002bccfc28748   ........H.......
0x000000f7db3ff0c0:   000000f7db3ff101 0000000000000000   ..?.............
0x000000f7db3ff0d0:   000002bd17cb6940 00007ffb59252134   @i......4!%Y....
0x000000f7db3ff0e0:   0000000000000000 000000000000003b   ........;.......
0x000000f7db3ff0f0:   0000000000000000 000000000000003b   ........;.......
0x000000f7db3ff100:   0000002200000002 000002bd176b7550   ...."...Puk.....
0x000000f7db3ff110:   000002bd17cb6940 000002bd17cb6a2c   @i......,j......
0x000000f7db3ff120:   000002bd17cb6a3c 0000000000002dd4   <j.......-......
0x000000f7db3ff130:   0000000000000000 0000000000000000   ................
0x000000f7db3ff140:   0000000000000000 00007ffaec4058e4   .........X@.....
0x000000f7db3ff150:   00007ffb593aae00 0000000000004234   ..:Y....4B......
0x000000f7db3ff160:   00007ffb593aae00 00000000ffffffff   ..:Y............
0x000000f7db3ff170:   0000000000000000 00007ffb592529aa   .........)%Y....
0x000000f7db3ff180:   000002bccfc28748 0000000000000000   H...............
0x000000f7db3ff190:   000000f7db3ff1f9 000002bd1521e940   ..?.....@.!.....
0x000000f7db3ff1a0:   0000000000000004 0000000000000048   ........H.......
0x000000f7db3ff1b0:   0000000800800310 0000000000000020   ........ .......
0x000000f7db3ff1c0:   000002bccfc28748 00007ffb593aae00   H.........:Y....
0x000000f7db3ff1d0:   000002bccfc0b6f0 000002bd177bc8f0   ..........{.....
0x000000f7db3ff1e0:   0000000800800390 000002bccfc28748   ........H.......
0x000000f7db3ff1f0:   000002bd1d8669c0 000002bd1d867120   .i...... q......
0x000000f7db3ff200:   000002bd1d867120 00007ffb593aae00    q........:Y....
0x000000f7db3ff210:   000002bd15aa2678 000000f7db3ff388   x&........?.....
0x000000f7db3ff220:   000000f7db3ff4c0 0000000000008840   ..?.....@.......
0x000000f7db3ff230:   000000f7db3ff6a0 00007ffb593aae50   ..?.....P.:Y....
0x000000f7db3ff240:   0000000000989680 0000000000989680   ................
0x000000f7db3ff250:   000000f7db3ff360 00007ffb5924d561   `.?.....a.$Y....
0x000000f7db3ff260:   00007ffb593aae00 00007ffb593aae58   ..:Y....X.:Y....
0x000000f7db3ff270:   00007ffb00000000 00007ffa00000001   ................

Instructions: (pc=0x00007ffb59253004)
  0x00007ffb59252f04:   cc cc cc cc cc cc cc cc cc cc cc cc cc cc cc cc
  0x00007ffb59252f14:   cc cc cc cc cc cc cc cc cc cc cc cc cc cc cc cc
  0x00007ffb59252f24:   cc cc cc cc cc cc cc cc cc cc cc cc cc cc cc cc
  0x00007ffb59252f34:   cc cc cc cc cc cc cc cc cc cc cc cc cc cc cc cc
  0x00007ffb59252f44:   cc cc cc cc cc cc cc cc cc cc cc cc cc cc cc cc
  0x00007ffb59252f54:   cc cc cc cc cc cc cc cc cc cc cc cc cc cc cc cc
  0x00007ffb59252f64:   cc cc cc cc cc cc cc cc cc cc cc cc cc cc cc cc
  0x00007ffb59252f74:   cc cc cc cc cc cc cc cc cc cc cc cc cc cc cc cc
  0x00007ffb59252f84:   cc cc cc cc cc cc cc cc cc cc cc cc 40 57 48 83
  0x00007ffb59252f94:   ec 20 48 8b f9 48 8b 0d 30 80 15 00 48 85 c9 74
  0x00007ffb59252fa4:   20 48 8b 01 48 8d 54 24 38 41 b8 06 00 01 00 4c
  0x00007ffb59252fb4:   8b 48 30 41 ff d1 85 c0 75 07 48 8b 4c 24 38 eb
  0x00007ffb59252fc4:   02 33 c9 4c 8b 05 0a 81 15 00 48 89 5c 24 30 4d
  0x00007ffb59252fd4:   85 c0 74 4a 48 8b 01 48 8b d7 4c 8b 88 28 03 00
  0x00007ffb59252fe4:   00 41 ff d1 48 85 c0 74 35 48 63 0d b8 3d 15 00
  0x00007ffb59252ff4:   48 8b 14 01 48 85 d2 74 15 48 63 05 bc 3d 15 00
=>0x00007ffb59253004:   8b 04 10 48 8b 5c 24 30 48 83 c4 20 5f c3 b8 ff
  0x00007ffb59253014:   ff ff ff 48 8b 5c 24 30 48 83 c4 20 5f c3 80 3d
  0x00007ffb59253024:   bb 7f 15 00 00 bb ff ff ff ff 74 20 4c 8b 0d 51
  0x00007ffb59253034:   7c 15 00 4c 8d 44 24 38 48 8b 0d 35 7c 15 00 48
  0x00007ffb59253044:   8b d7 41 ff d1 85 c0 0f 44 5c 24 38 8b c3 48 8b
  0x00007ffb59253054:   5c 24 30 48 83 c4 20 5f c3 cc cc cc cc cc cc cc
  0x00007ffb59253064:   cc cc cc cc cc cc cc cc cc cc cc cc cc cc cc cc
  0x00007ffb59253074:   cc cc cc cc cc cc cc cc cc cc cc cc cc cc cc cc
  0x00007ffb59253084:   cc cc cc cc cc cc cc cc cc cc cc cc 48 89 54 24
  0x00007ffb59253094:   10 53 55 56 57 41 56 41 57 48 83 ec 28 48 8b f2
  0x00007ffb592530a4:   4c 8b f1 48 89 4c 24 78 45 33 ff 44 89 7c 24 68
  0x00007ffb592530b4:   c7 44 24 60 01 00 00 00 48 8d 4c 24 68 e8 69 3c
  0x00007ffb592530c4:   f7 ff 8b d8 48 8d 4c 24 60 e8 5d 3c f7 ff 8b e8
  0x00007ffb592530d4:   49 8b ce e8 33 f3 f6 ff 48 8b f8 90 8b c3 f0 0f
  0x00007ffb592530e4:   b1 2f 74 04 f3 90 eb f4 4c 89 3e 4c 89 7e 08 4c
  0x00007ffb592530f4:   89 7e 10 49 8b 6e 08 4d 8b 76 10 49 3b ee 0f 84


Stack slot to memory mapping:

stack at sp + 0 slots: 0x000000f7db3ff1f0 is pointing into the stack for thread: 0x000002bccfc28380
stack at sp + 1 slots: 0x000002bd176c4fb0 points into unknown readable memory: 0x0000000703201e28 | 28 1e 20 03 07 00 00 00
stack at sp + 2 slots: 0x0 is null
stack at sp + 3 slots: 0x000002bccfc28ad0 points into unknown readable memory: 0x6e616c2e6176616a | 6a 61 76 61 2e 6c 61 6e
stack at sp + 4 slots: 0x000000000000003b is an unknown value
stack at sp + 5 slots: 0x00007ffb592534db libasyncProfiler.dll
stack at sp + 6 slots: 0x0 is null
stack at sp + 7 slots: 0x000002bccfc28748 points into unknown readable memory: 0x00007ffaecba17b0 | b0 17 ba ec fa 7f 00 00

Lock stack of current Java thread (top to bottom):


---------------  P R O C E S S  ---------------

Threads class SMR info:
_java_thread_list=0x000002bd17a9a5e0, length=39, elements={
0x000002bccfc24b60, 0x000002bccfc254a0, 0x000002bccfc27370, 0x000002bccfc28380,
0x000002bccfc28eb0, 0x000002bccfc2a9f0, 0x000002bccfc2b520, 0x000002bd150bbd50,
0x000002bd154f90f0, 0x000002bd15507fb0, 0x000002bd15b42cf0, 0x000002bd15b9efb0,
0x000002bd15b94bf0, 0x000002bd15b780c0, 0x000002bd16367b50, 0x000002bd16365e10,
0x000002bd16366cb0, 0x000002bd16367400, 0x000002bd163689f0, 0x000002bd16366560,
0x000002bd15653860, 0x000002bd15653fb0, 0x000002bd15654700, 0x000002bd15654e50,
0x000002bd15653110, 0x000002bd156555a0, 0x000002bd15652270, 0x000002bd156529c0,
0x000002bd1797a7d0, 0x000002bd1797c510, 0x000002bd1797af20, 0x000002bd1797b670,
0x000002bd1797bdc0, 0x000002bd1797cc60, 0x000002bd1797d3b0, 0x000002bd1797a080,
0x000002bd17cc8fe0, 0x000002bd17cc71a0, 0x000002bd1797f0f0
}

Java Threads: ( => current thread )
  0x000002bccfc24b60 JavaThread "Reference Handler"          daemon [_thread_blocked, id=23028, stack(0x000000f7db000000,0x000000f7db100000) (1024K)]
  0x000002bccfc254a0 JavaThread "Finalizer"                  daemon [_thread_blocked, id=20300, stack(0x000000f7db100000,0x000000f7db200000) (1024K)]
  0x000002bccfc27370 JavaThread "Signal Dispatcher"          daemon [_thread_blocked, id=19516, stack(0x000000f7db200000,0x000000f7db300000) (1024K)]
=>0x000002bccfc28380 JavaThread "Attach Listener"            daemon [_thread_in_native, id=8976, stack(0x000000f7db300000,0x000000f7db400000) (1024K)]
  0x000002bccfc28eb0 JavaThread "Service Thread"             daemon [_thread_blocked, id=22548, stack(0x000000f7db400000,0x000000f7db500000) (1024K)]
  0x000002bccfc2a9f0 JavaThread "Monitor Deflation Thread"   daemon [_thread_blocked, id=20324, stack(0x000000f7db500000,0x000000f7db600000) (1024K)]
  0x000002bccfc2b520 JavaThread "C1 CompilerThread0"         daemon [_thread_blocked, id=22704, stack(0x000000f7db600000,0x000000f7db700000) (1024K)]
  0x000002bd150bbd50 JavaThread "Common-Cleaner"             daemon [_thread_blocked, id=18740, stack(0x000000f7db700000,0x000000f7db800000) (1024K)]
  0x000002bd154f90f0 JavaThread "Monitor Ctrl-Break"         daemon [_thread_in_native, id=18912, stack(0x000000f7dbb00000,0x000000f7dbc00000) (1024K)]
  0x000002bd15507fb0 JavaThread "Notification Thread"        daemon [_thread_blocked, id=9824, stack(0x000000f7dbc00000,0x000000f7dbd00000) (1024K)]
  0x000002bd15b42cf0 JavaThread "RMI TCP Accept-0"           daemon [_thread_in_native, id=21264, stack(0x000000f7dbd00000,0x000000f7dbe00000) (1024K)]
  0x000002bd15b9efb0 JavaThread "RMI TCP Connection(1)-192.168.1.33" daemon [_thread_in_native, id=18756, stack(0x000000f7dbe00000,0x000000f7dbf00000) (1024K)]
  0x000002bd15b94bf0 JavaThread "RMI Scheduler(0)"           daemon [_thread_blocked, id=14128, stack(0x000000f7dbf00000,0x000000f7dc000000) (1024K)]
  0x000002bd15b780c0 JavaThread "JMX server connection timeout 31" daemon [_thread_blocked, id=23108, stack(0x000000f7dc000000,0x000000f7dc100000) (1024K)]
  0x000002bd16367b50 JavaThread "Catalina-utility-1"                [_thread_blocked, id=11208, stack(0x000000f7dca00000,0x000000f7dcb00000) (1024K)]
  0x000002bd16365e10 JavaThread "Catalina-utility-2"                [_thread_blocked, id=4528, stack(0x000000f7dcc00000,0x000000f7dcd00000) (1024K)]
  0x000002bd16366cb0 JavaThread "container-0"                       [_thread_blocked, id=3816, stack(0x000000f7dcd00000,0x000000f7dce00000) (1024K)]
  0x000002bd16367400 JavaThread "PostgreSQL-JDBC-Cleaner"    daemon [_thread_blocked, id=13884, stack(0x000000f7dcf00000,0x000000f7dd000000) (1024K)]
  0x000002bd163689f0 JavaThread "HikariPool-1:housekeeper"   daemon [_thread_blocked, id=3244, stack(0x000000f7dd000000,0x000000f7dd100000) (1024K)]
  0x000002bd16366560 JavaThread "RMI TCP Connection(2)-192.168.1.33" daemon [_thread_in_native, id=22768, stack(0x000000f7dd200000,0x000000f7dd300000) (1024K)]
  0x000002bd15653860 JavaThread "File Watcher"               daemon [_thread_blocked, id=21996, stack(0x000000f7dd300000,0x000000f7dd400000) (1024K)]
  0x000002bd15653fb0 JavaThread "Live Reload Server"         daemon [_thread_in_native, id=20504, stack(0x000000f7dd500000,0x000000f7dd600000) (1024K)]
  0x000002bd15654700 JavaThread "http-nio-8081-exec-1"       daemon [_thread_blocked, id=3784, stack(0x000000f7dd400000,0x000000f7dd500000) (1024K)]
  0x000002bd15654e50 JavaThread "http-nio-8081-exec-2"       daemon [_thread_blocked, id=3940, stack(0x000000f7dd600000,0x000000f7dd700000) (1024K)]
  0x000002bd15653110 JavaThread "http-nio-8081-exec-3"       daemon [_thread_blocked, id=8784, stack(0x000000f7dd700000,0x000000f7dd800000) (1024K)]
  0x000002bd156555a0 JavaThread "http-nio-8081-exec-4"       daemon [_thread_blocked, id=6052, stack(0x000000f7dd800000,0x000000f7dd900000) (1024K)]
  0x000002bd15652270 JavaThread "http-nio-8081-exec-5"       daemon [_thread_blocked, id=21832, stack(0x000000f7dd900000,0x000000f7dda00000) (1024K)]
  0x000002bd156529c0 JavaThread "http-nio-8081-exec-6"       daemon [_thread_blocked, id=5368, stack(0x000000f7dda00000,0x000000f7ddb00000) (1024K)]
  0x000002bd1797a7d0 JavaThread "http-nio-8081-exec-7"       daemon [_thread_blocked, id=17904, stack(0x000000f7ddb00000,0x000000f7ddc00000) (1024K)]
  0x000002bd1797c510 JavaThread "http-nio-8081-exec-8"       daemon [_thread_blocked, id=22864, stack(0x000000f7ddc00000,0x000000f7ddd00000) (1024K)]
  0x000002bd1797af20 JavaThread "http-nio-8081-exec-9"       daemon [_thread_blocked, id=10328, stack(0x000000f7ddd00000,0x000000f7dde00000) (1024K)]
  0x000002bd1797b670 JavaThread "http-nio-8081-exec-10"      daemon [_thread_blocked, id=13420, stack(0x000000f7dde00000,0x000000f7ddf00000) (1024K)]
  0x000002bd1797bdc0 JavaThread "http-nio-8081-Poller"       daemon [_thread_in_native, id=18676, stack(0x000000f7ddf00000,0x000000f7de000000) (1024K)]
  0x000002bd1797cc60 JavaThread "http-nio-8081-Acceptor"     daemon [_thread_in_native, id=1536, stack(0x000000f7de000000,0x000000f7de100000) (1024K)]
  0x000002bd1797d3b0 JavaThread "DestroyJavaVM"                     [_thread_blocked, id=21828, stack(0x000000f7da800000,0x000000f7da900000) (1024K)]
  0x000002bd1797a080 JavaThread "JFR Recorder Thread"        daemon [_thread_in_native, id=19928, stack(0x000000f7db800000,0x000000f7db900000) (1024K)]
  0x000002bd17cc8fe0 JavaThread "C1 CompilerThread1"         daemon [_thread_blocked, id=16016, stack(0x000000f7db900000,0x000000f7dba00000) (1024K)]
  0x000002bd17cc71a0 JavaThread "C1 CompilerThread2"         daemon [_thread_blocked, id=5364, stack(0x000000f7dba00000,0x000000f7dbb00000) (1024K)]
  0x000002bd1797f0f0 JavaThread "JFR Periodic Tasks"         daemon [_thread_blocked, id=11732, stack(0x000000f7dc100000,0x000000f7dc200000) (1024K)]
Total: 39

Other Threads:
  0x000002bccfc0aee0 VMThread "VM Thread"                           [id=23416, stack(0x000000f7daf00000,0x000000f7db000000) (1024K)]
  0x000002bccfad8350 WatcherThread "VM Periodic Task Thread"        [id=17260, stack(0x000000f7dae00000,0x000000f7daf00000) (1024K)]
  0x000002bcba681590 WorkerThread "GC Thread#0"                     [id=22772, stack(0x000000f7da900000,0x000000f7daa00000) (1024K)]
  0x000002bd161f9200 WorkerThread "GC Thread#1"                     [id=22132, stack(0x000000f7dc300000,0x000000f7dc400000) (1024K)]
  0x000002bd161ed5b0 WorkerThread "GC Thread#2"                     [id=13216, stack(0x000000f7dc400000,0x000000f7dc500000) (1024K)]
  0x000002bd162100e0 WorkerThread "GC Thread#3"                     [id=8016, stack(0x000000f7dc500000,0x000000f7dc600000) (1024K)]
  0x000002bd161609b0 WorkerThread "GC Thread#4"                     [id=4828, stack(0x000000f7dc600000,0x000000f7dc700000) (1024K)]
  0x000002bd16243440 WorkerThread "GC Thread#5"                     [id=22856, stack(0x000000f7dc700000,0x000000f7dc800000) (1024K)]
  0x000002bd162437f0 WorkerThread "GC Thread#6"                     [id=22396, stack(0x000000f7dc800000,0x000000f7dc900000) (1024K)]
  0x000002bd16242ce0 WorkerThread "GC Thread#7"                     [id=7324, stack(0x000000f7dc900000,0x000000f7dca00000) (1024K)]
  0x000002bcba697840 ConcurrentGCThread "G1 Main Marker"            [id=19532, stack(0x000000f7daa00000,0x000000f7dab00000) (1024K)]
  0x000002bcba699a10 WorkerThread "G1 Conc#0"                       [id=8416, stack(0x000000f7dab00000,0x000000f7dac00000) (1024K)]
  0x000002bd165d2e00 WorkerThread "G1 Conc#1"                       [id=12528, stack(0x000000f7dcb00000,0x000000f7dcc00000) (1024K)]
  0x000002bcba6ceaf0 ConcurrentGCThread "G1 Refine#0"               [id=6756, stack(0x000000f7dac00000,0x000000f7dad00000) (1024K)]
  0x000002bccfab5840 ConcurrentGCThread "G1 Service"                [id=13656, stack(0x000000f7dad00000,0x000000f7dae00000) (1024K)]
Total: 15

Threads with active compile tasks:
Total: 0

VM state: not at safepoint (normal execution)

VM Mutex/Monitor currently owned by a thread: None

Heap address: 0x0000000702e00000, size: 4050 MB, Compressed Oops mode: Zero based, Oop shift amount: 3

CDS archive(s) mapped at: [0x000002bcd0000000-0x000002bcd0d40000-0x000002bcd0d40000), size 13893632, SharedBaseAddress: 0x000002bcd0000000, ArchiveRelocationMode: 1.
Compressed class space mapped at: 0x000002bcd1000000-0x000002bd11000000, reserved size: 1073741824
UseCompressedClassPointers 1, UseCompactObjectHeaders 0
Narrow klass pointer bits 32, Max shift 3
Narrow klass base: 0x000002bcd0000000, Narrow klass shift: 0
Encoding Range: [0x000002bcd0000000 - 0x000002bdd0000000), (4294967296 bytes)
Klass Range:    [0x000002bcd0000000 - 0x000002bd11000000), (1090519040 bytes)
Klass ID Range:  [8 - 1090519033) (1090519025)

GC Precious Log:
 CardTable entry size: 512
 Card Set container configuration: InlinePtr #cards 4 size 8 Array Of Cards #cards 16 size 48 Howl #buckets 8 coarsen threshold 3686 Howl Bitmap #cards 512 size 80 coarsen threshold 460 Card regions per heap region 1 cards per card region 4096
 CPUs: 8 total, 8 available
 Memory: 16192M
 Large Page Support: Disabled
 NUMA Support: Disabled
 Compressed Oops: Enabled (Zero based)
 Heap Region Size: 2M
 Heap Min Capacity: 8M
 Heap Initial Capacity: 254M
 Heap Max Capacity: 4050M
 Pre-touch: Disabled
 Parallel Workers: 8
 Concurrent Workers: 2
 Concurrent Refinement Workers: 8
 Periodic GC: Disabled

Heap:
 garbage-first heap   total reserved 4147200K, committed 96256K, used 44590K [0x0000000702e00000, 0x0000000800000000)
  region size 2048K, 8 young (16384K), 4 survivors (8192K)
 Metaspace       used 74392K, committed 75008K, reserved 1179648K
  class space    used 8458K, committed 8704K, reserved 1048576K

Heap Regions: E=young(eden), S=young(survivor), O=old, HS=humongous(starts), HC=humongous(continues), CS=collection set, F=free, TAMS=top-at-mark-start, PB=parsable bottom
|   0|0x0000000702e00000, 0x0000000703000000, 0x0000000703000000|100%| O|  |TAMS 0x0000000702e00000| PB 0x0000000702e00000| Untracked |  0
|   1|0x0000000703000000, 0x0000000703200000, 0x0000000703200000|100%| O|  |TAMS 0x0000000703000000| PB 0x0000000703000000| Untracked |  0
|   2|0x0000000703200000, 0x0000000703400000, 0x0000000703400000|100%| O|  |TAMS 0x0000000703200000| PB 0x0000000703200000| Untracked |  0
|   3|0x0000000703400000, 0x0000000703600000, 0x0000000703600000|100%| O|  |TAMS 0x0000000703400000| PB 0x0000000703400000| Untracked |  0
|   4|0x0000000703600000, 0x0000000703800000, 0x0000000703800000|100%| O|  |TAMS 0x0000000703600000| PB 0x0000000703600000| Untracked |  0
|   5|0x0000000703800000, 0x0000000703a00000, 0x0000000703a00000|100%| O|  |TAMS 0x0000000703800000| PB 0x0000000703800000| Untracked |  0
|   6|0x0000000703a00000, 0x0000000703c00000, 0x0000000703c00000|100%| O|  |TAMS 0x0000000703a00000| PB 0x0000000703a00000| Untracked |  0
|   7|0x0000000703c00000, 0x0000000703e00000, 0x0000000703e00000|100%| O|  |TAMS 0x0000000703c00000| PB 0x0000000703c00000| Untracked |  0
|   8|0x0000000703e00000, 0x0000000704000000, 0x0000000704000000|100%| O|  |TAMS 0x0000000703e00000| PB 0x0000000703e00000| Untracked |  0
|   9|0x0000000704000000, 0x0000000704200000, 0x0000000704200000|100%| O|  |TAMS 0x0000000704000000| PB 0x0000000704000000| Untracked |  0
|  10|0x0000000704200000, 0x0000000704400000, 0x0000000704400000|100%| O|  |TAMS 0x0000000704200000| PB 0x0000000704200000| Untracked |  0
|  11|0x0000000704400000, 0x0000000704400000, 0x0000000704600000|  0%| F|  |TAMS 0x0000000704400000| PB 0x0000000704400000| Untracked |  0
|  12|0x0000000704600000, 0x0000000704800000, 0x0000000704800000|100%| O|  |TAMS 0x0000000704600000| PB 0x0000000704600000| Untracked |  0
|  13|0x0000000704800000, 0x0000000704a00000, 0x0000000704a00000|100%| O|  |TAMS 0x0000000704800000| PB 0x0000000704800000| Untracked |  0
|  14|0x0000000704a00000, 0x0000000704c00000, 0x0000000704c00000|100%| O|  |TAMS 0x0000000704a00000| PB 0x0000000704a00000| Untracked |  0
|  15|0x0000000704c00000, 0x0000000704d8b848, 0x0000000704e00000| 77%| O|  |TAMS 0x0000000704c00000| PB 0x0000000704c00000| Untracked |  0
|  16|0x0000000704e00000, 0x0000000704e00000, 0x0000000705000000|  0%| F|  |TAMS 0x0000000704e00000| PB 0x0000000704e00000| Untracked |  0
|  17|0x0000000705000000, 0x0000000705000000, 0x0000000705200000|  0%| F|  |TAMS 0x0000000705000000| PB 0x0000000705000000| Untracked |  0
|  18|0x0000000705200000, 0x0000000705400000, 0x0000000705400000|100%| S|CS|TAMS 0x0000000705200000| PB 0x0000000705200000| Complete |  0
|  19|0x0000000705400000, 0x0000000705400000, 0x0000000705600000|  0%| F|  |TAMS 0x0000000705400000| PB 0x0000000705400000| Untracked |  0
|  20|0x0000000705600000, 0x0000000705600000, 0x0000000705800000|  0%| F|  |TAMS 0x0000000705600000| PB 0x0000000705600000| Untracked |  0
|  21|0x0000000705800000, 0x0000000705800000, 0x0000000705a00000|  0%| F|  |TAMS 0x0000000705800000| PB 0x0000000705800000| Untracked |  0
|  22|0x0000000705a00000, 0x0000000705c00000, 0x0000000705c00000|100%| S|CS|TAMS 0x0000000705a00000| PB 0x0000000705a00000| Complete |  0
|  23|0x0000000705c00000, 0x0000000705e00000, 0x0000000705e00000|100%| S|CS|TAMS 0x0000000705c00000| PB 0x0000000705c00000| Complete |  0
|  24|0x0000000705e00000, 0x0000000706000000, 0x0000000706000000|100%| S|CS|TAMS 0x0000000705e00000| PB 0x0000000705e00000| Complete |  0
|  25|0x0000000706000000, 0x0000000706000000, 0x0000000706200000|  0%| F|  |TAMS 0x0000000706000000| PB 0x0000000706000000| Untracked |  0
|  26|0x0000000706200000, 0x0000000706200000, 0x0000000706400000|  0%| F|  |TAMS 0x0000000706200000| PB 0x0000000706200000| Untracked |  0
|  27|0x0000000706400000, 0x0000000706400000, 0x0000000706600000|  0%| F|  |TAMS 0x0000000706400000| PB 0x0000000706400000| Untracked |  0
|  28|0x0000000706600000, 0x0000000706600000, 0x0000000706800000|  0%| F|  |TAMS 0x0000000706600000| PB 0x0000000706600000| Untracked |  0
|  29|0x0000000706800000, 0x0000000706800000, 0x0000000706a00000|  0%| F|  |TAMS 0x0000000706800000| PB 0x0000000706800000| Untracked |  0
|  30|0x0000000706a00000, 0x0000000706a00000, 0x0000000706c00000|  0%| F|  |TAMS 0x0000000706a00000| PB 0x0000000706a00000| Untracked |  0
|  31|0x0000000706c00000, 0x0000000706c00000, 0x0000000706e00000|  0%| F|  |TAMS 0x0000000706c00000| PB 0x0000000706c00000| Untracked |  0
|  32|0x0000000706e00000, 0x0000000706e00000, 0x0000000707000000|  0%| F|  |TAMS 0x0000000706e00000| PB 0x0000000706e00000| Untracked |  0
|  33|0x0000000707000000, 0x0000000707000000, 0x0000000707200000|  0%| F|  |TAMS 0x0000000707000000| PB 0x0000000707000000| Untracked |  0
|  34|0x0000000707200000, 0x0000000707200000, 0x0000000707400000|  0%| F|  |TAMS 0x0000000707200000| PB 0x0000000707200000| Untracked |  0
|  35|0x0000000707400000, 0x0000000707400000, 0x0000000707600000|  0%| F|  |TAMS 0x0000000707400000| PB 0x0000000707400000| Untracked |  0
|  36|0x0000000707600000, 0x0000000707600000, 0x0000000707800000|  0%| F|  |TAMS 0x0000000707600000| PB 0x0000000707600000| Untracked |  0
|  37|0x0000000707800000, 0x0000000707800000, 0x0000000707a00000|  0%| F|  |TAMS 0x0000000707800000| PB 0x0000000707800000| Untracked |  0
|  38|0x0000000707a00000, 0x0000000707a00000, 0x0000000707c00000|  0%| F|  |TAMS 0x0000000707a00000| PB 0x0000000707a00000| Untracked |  0
|  39|0x0000000707c00000, 0x0000000707c00000, 0x0000000707e00000|  0%| F|  |TAMS 0x0000000707c00000| PB 0x0000000707c00000| Untracked |  0
|  40|0x0000000707e00000, 0x0000000707e00000, 0x0000000708000000|  0%| F|  |TAMS 0x0000000707e00000| PB 0x0000000707e00000| Untracked |  0
|  41|0x0000000708000000, 0x0000000708000000, 0x0000000708200000|  0%| F|  |TAMS 0x0000000708000000| PB 0x0000000708000000| Untracked |  0
|  42|0x0000000708200000, 0x0000000708200000, 0x0000000708400000|  0%| F|  |TAMS 0x0000000708200000| PB 0x0000000708200000| Untracked |  0
|  43|0x0000000708400000, 0x0000000708516df0, 0x0000000708600000| 54%| E|  |TAMS 0x0000000708400000| PB 0x0000000708400000| Complete |  0
|  96|0x000000070ee00000, 0x000000070f000000, 0x000000070f000000|100%| E|CS|TAMS 0x000000070ee00000| PB 0x000000070ee00000| Complete |  0
|  97|0x000000070f000000, 0x000000070f200000, 0x000000070f200000|100%| E|CS|TAMS 0x000000070f000000| PB 0x000000070f000000| Complete |  0
|2024|0x00000007ffe00000, 0x0000000800000000, 0x0000000800000000|100%| E|CS|TAMS 0x00000007ffe00000| PB 0x00000007ffe00000| Complete |  0

Card table byte_map: [0x000002bcc89f0000,0x000002bcc91e0000] _byte_map_base: 0x000002bcc51d9000

Marking Bits: (CMBitMap*) 0x000002bcba6823c0
 Bits: [0x000002bcc91e0000, 0x000002bccd128000)

Polling page: 0x000002bcc4780000

Metaspace:

Usage:
  Non-class:     64.39 MB used.
      Class:      8.26 MB used.
       Both:     72.65 MB used.

Virtual space:
  Non-class space:      128.00 MB reserved,      64.75 MB ( 51%) committed,  2 nodes.
      Class space:        1.00 GB reserved,       8.50 MB ( <1%) committed,  1 nodes.
             Both:        1.12 GB reserved,      73.25 MB (  6%) committed. 

Chunk freelists:
   Non-Class:  14.91 MB
       Class:  7.52 MB
        Both:  22.43 MB

MaxMetaspaceSize: unlimited
CompressedClassSpaceSize: 1.00 GB
Initial GC threshold: 21.00 MB
Current GC threshold: 99.69 MB
CDS: on
 - commit_granule_bytes: 65536.
 - commit_granule_words: 8192.
 - virtual_space_node_default_size: 8388608.
 - enlarge_chunks_in_place: 1.
UseCompressedClassPointers 1, UseCompactObjectHeaders 0
Narrow klass pointer bits 32, Max shift 3
Narrow klass base: 0x000002bcd0000000, Narrow klass shift: 0
Encoding Range: [0x000002bcd0000000 - 0x000002bdd0000000), (4294967296 bytes)
Klass Range:    [0x000002bcd0000000 - 0x000002bd11000000), (1090519040 bytes)
Klass ID Range:  [8 - 1090519033) (1090519025)


Internal statistics:

num_allocs_failed_limit: 15.
num_arena_births: 824.
num_arena_deaths: 0.
num_vsnodes_births: 3.
num_vsnodes_deaths: 0.
num_space_committed: 1172.
num_space_uncommitted: 0.
num_chunks_returned_to_freelist: 15.
num_chunks_taken_from_freelist: 3301.
num_chunk_merges: 15.
num_chunk_splits: 2435.
num_chunks_enlarged: 1988.
num_inconsistent_stats: 0.

CodeCache: size=49152Kb used=11348Kb max_used=11600Kb free=37803Kb
 bounds [0x000002bcc4900000, 0x000002bcc5460000, 0x000002bcc7900000]
 total_blobs=8087, nmethods=7312, adapters=699, full_count=0
Compilation: enabled, stopped_count=0, restarted_count=0

Compilation events (20 events):
Event: 17.855 Thread 0x000002bccfc2b520 nmethod 7376 0x000002bcc4bad808 code [0x000002bcc4bad900, 0x000002bcc4bad9c8]
Event: 17.855 Thread 0x000002bd17cc8fe0 nmethod 7377 0x000002bcc4bad508 code [0x000002bcc4bad600, 0x000002bcc4bad6c8]
Event: 17.856 Thread 0x000002bd17cc71a0 7379       1       jdk.jfr.internal.Logger::shouldLog (17 bytes)
Event: 17.856 Thread 0x000002bccfc2b520 7385   !   1       jdk.jfr.internal.Control::setValue (102 bytes)
Event: 17.856 Thread 0x000002bd17cc8fe0 7378       1       jdk.jfr.internal.settings.BooleanSetting::getValue (5 bytes)
Event: 17.856 Thread 0x000002bd17cc71a0 nmethod 7379 0x000002bcc4bacf08 code [0x000002bcc4bad020, 0x000002bcc4bad0e8]
Event: 17.856 Thread 0x000002bd17cc8fe0 nmethod 7378 0x000002bcc4bacc08 code [0x000002bcc4bacd00, 0x000002bcc4bacdc8]
Event: 17.856 Thread 0x000002bd17cc71a0 7384       1       jdk.jfr.internal.PlatformEventType::isEnabled (5 bytes)
Event: 17.856 Thread 0x000002bd17cc8fe0 7381       1       jdk.jfr.internal.EventControl::getEventType (5 bytes)
Event: 17.856 Thread 0x000002bd17cc71a0 nmethod 7384 0x000002bcc4bac908 code [0x000002bcc4baca00, 0x000002bcc4bacac8]
Event: 17.856 Thread 0x000002bd17cc8fe0 nmethod 7381 0x000002bcc4bac608 code [0x000002bcc4bac700, 0x000002bcc4bac7c8]
Event: 17.857 Thread 0x000002bd17cc71a0 7382       1       jdk.jfr.internal.EventControl::getSettingsId (5 bytes)
Event: 17.857 Thread 0x000002bd17cc8fe0 7383       1       jdk.jfr.internal.EventControl::getNamedControls (5 bytes)
Event: 17.857 Thread 0x000002bd17cc8fe0 nmethod 7383 0x000002bcc4bac308 code [0x000002bcc4bac400, 0x000002bcc4bac4c8]
Event: 17.857 Thread 0x000002bd17cc71a0 nmethod 7382 0x000002bcc4bac008 code [0x000002bcc4bac100, 0x000002bcc4bac1c8]
Event: 17.857 Thread 0x000002bccfc2b520 nmethod 7385 0x000002bcc4bab708 code [0x000002bcc4bab900, 0x000002bcc4babf90]
Event: 17.863 Thread 0x000002bccfc2b520 7386       1       jdk.jfr.internal.periodic.EventTask::getEventType (5 bytes)
Event: 17.863 Thread 0x000002bccfc2b520 nmethod 7386 0x000002bcc4bab408 code [0x000002bcc4bab500, 0x000002bcc4bab5c8]
Event: 17.863 Thread 0x000002bccfc2b520 7387       1       jdk.jfr.internal.periodic.PeriodicTask::getPeriod (5 bytes)
Event: 17.863 Thread 0x000002bccfc2b520 nmethod 7387 0x000002bcc4bab108 code [0x000002bcc4bab200, 0x000002bcc4bab2c8]

GC Heap History (20 events):
Event: 2.018 GC heap before
{Heap before GC invocations=3 (full 0):
 garbage-first heap   total reserved 4147200K, committed 61440K, used 39484K [0x0000000702e00000, 0x0000000800000000)
  region size 2048K, 18 young (36864K), 6 survivors (12288K)
 Metaspace       used 22509K, committed 22912K, reserved 1114112K
  class space    used 2451K, committed 2624K, reserved 1048576K
}
Event: 2.026 GC heap after
{Heap after GC invocations=4 (full 0):
 garbage-first heap   total reserved 4147200K, committed 61440K, used 17005K [0x0000000702e00000, 0x0000000800000000)
  region size 2048K, 2 young (4096K), 2 survivors (4096K)
 Metaspace       used 22509K, committed 22912K, reserved 1114112K
  class space    used 2451K, committed 2624K, reserved 1048576K
}
Event: 2.419 GC heap before
{Heap before GC invocations=4 (full 0):
 garbage-first heap   total reserved 4147200K, committed 61440K, used 39533K [0x0000000702e00000, 0x0000000800000000)
  region size 2048K, 14 young (28672K), 2 survivors (4096K)
 Metaspace       used 25905K, committed 26304K, reserved 1114112K
  class space    used 2858K, committed 3008K, reserved 1048576K
}
Event: 2.424 GC heap after
{Heap after GC invocations=5 (full 0):
 garbage-first heap   total reserved 4147200K, committed 61440K, used 18957K [0x0000000702e00000, 0x0000000800000000)
  region size 2048K, 2 young (4096K), 2 survivors (4096K)
 Metaspace       used 25905K, committed 26304K, reserved 1114112K
  class space    used 2858K, committed 3008K, reserved 1048576K
}
Event: 2.776 GC heap before
{Heap before GC invocations=5 (full 0):
 garbage-first heap   total reserved 4147200K, committed 61440K, used 45581K [0x0000000702e00000, 0x0000000800000000)
  region size 2048K, 15 young (30720K), 2 survivors (4096K)
 Metaspace       used 29735K, committed 30144K, reserved 1114112K
  class space    used 3341K, committed 3520K, reserved 1048576K
}
Event: 2.781 GC heap after
{Heap after GC invocations=6 (full 0):
 garbage-first heap   total reserved 4147200K, committed 61440K, used 21520K [0x0000000702e00000, 0x0000000800000000)
  region size 2048K, 2 young (4096K), 2 survivors (4096K)
 Metaspace       used 29735K, committed 30144K, reserved 1114112K
  class space    used 3341K, committed 3520K, reserved 1048576K
}
Event: 3.196 GC heap before
{Heap before GC invocations=6 (full 0):
 garbage-first heap   total reserved 4147200K, committed 61440K, used 48144K [0x0000000702e00000, 0x0000000800000000)
  region size 2048K, 15 young (30720K), 2 survivors (4096K)
 Metaspace       used 34311K, committed 34816K, reserved 1114112K
  class space    used 3827K, committed 4032K, reserved 1048576K
}
Event: 3.201 GC heap after
{Heap after GC invocations=7 (full 0):
 garbage-first heap   total reserved 4147200K, committed 61440K, used 23998K [0x0000000702e00000, 0x0000000800000000)
  region size 2048K, 2 young (4096K), 2 survivors (4096K)
 Metaspace       used 34311K, committed 34816K, reserved 1114112K
  class space    used 3827K, committed 4032K, reserved 1048576K
}
Event: 3.279 GC heap before
{Heap before GC invocations=7 (full 0):
 garbage-first heap   total reserved 4147200K, committed 61440K, used 28094K [0x0000000702e00000, 0x0000000800000000)
  region size 2048K, 5 young (10240K), 2 survivors (4096K)
 Metaspace       used 35680K, committed 36096K, reserved 1114112K
  class space    used 3995K, committed 4160K, reserved 1048576K
}
Event: 3.282 GC heap after
{Heap after GC invocations=8 (full 0):
 garbage-first heap   total reserved 4147200K, committed 161792K, used 23922K [0x0000000702e00000, 0x0000000800000000)
  region size 2048K, 2 young (4096K), 2 survivors (4096K)
 Metaspace       used 35680K, committed 36096K, reserved 1114112K
  class space    used 3995K, committed 4160K, reserved 1048576K
}
Event: 4.944 GC heap before
{Heap before GC invocations=9 (full 0):
 garbage-first heap   total reserved 4147200K, committed 96256K, used 75122K [0x0000000702e00000, 0x0000000800000000)
  region size 2048K, 28 young (57344K), 2 survivors (4096K)
 Metaspace       used 54400K, committed 54976K, reserved 1114112K
  class space    used 5946K, committed 6208K, reserved 1048576K
}
Event: 4.949 GC heap after
{Heap after GC invocations=10 (full 0):
 garbage-first heap   total reserved 4147200K, committed 96256K, used 27823K [0x0000000702e00000, 0x0000000800000000)
  region size 2048K, 3 young (6144K), 3 survivors (6144K)
 Metaspace       used 54400K, committed 54976K, reserved 1114112K
  class space    used 5946K, committed 6208K, reserved 1048576K
}
Event: 6.717 GC heap before
{Heap before GC invocations=10 (full 0):
 garbage-first heap   total reserved 4147200K, committed 96256K, used 56495K [0x0000000702e00000, 0x0000000800000000)
  region size 2048K, 19 young (38912K), 3 survivors (6144K)
 Metaspace       used 60196K, committed 60800K, reserved 1114112K
  class space    used 6706K, committed 6976K, reserved 1048576K
}
Event: 6.724 GC heap after
{Heap after GC invocations=11 (full 0):
 garbage-first heap   total reserved 4147200K, committed 96256K, used 29468K [0x0000000702e00000, 0x0000000800000000)
  region size 2048K, 3 young (6144K), 3 survivors (6144K)
 Metaspace       used 60196K, committed 60800K, reserved 1114112K
  class space    used 6706K, committed 6976K, reserved 1048576K
}
Event: 6.747 GC heap before
{Heap before GC invocations=11 (full 0):
 garbage-first heap   total reserved 4147200K, committed 96256K, used 29468K [0x0000000702e00000, 0x0000000800000000)
  region size 2048K, 4 young (8192K), 3 survivors (6144K)
 Metaspace       used 60530K, committed 61120K, reserved 1114112K
  class space    used 6713K, committed 6976K, reserved 1048576K
}
Event: 6.752 GC heap after
{Heap after GC invocations=12 (full 0):
 garbage-first heap   total reserved 4147200K, committed 96256K, used 30326K [0x0000000702e00000, 0x0000000800000000)
  region size 2048K, 2 young (4096K), 2 survivors (4096K)
 Metaspace       used 60530K, committed 61120K, reserved 1114112K
  class space    used 6713K, committed 6976K, reserved 1048576K
}
Event: 7.416 GC heap before
{Heap before GC invocations=13 (full 0):
 garbage-first heap   total reserved 4147200K, committed 96256K, used 77430K [0x0000000702e00000, 0x0000000800000000)
  region size 2048K, 25 young (51200K), 2 survivors (4096K)
 Metaspace       used 66207K, committed 66880K, reserved 1114112K
  class space    used 7462K, committed 7744K, reserved 1048576K
}
Event: 7.421 GC heap after
{Heap after GC invocations=14 (full 0):
 garbage-first heap   total reserved 4147200K, committed 96256K, used 33594K [0x0000000702e00000, 0x0000000800000000)
  region size 2048K, 3 young (6144K), 3 survivors (6144K)
 Metaspace       used 66207K, committed 66880K, reserved 1114112K
  class space    used 7462K, committed 7744K, reserved 1048576K
}
Event: 17.782 GC heap before
{Heap before GC invocations=14 (full 0):
 garbage-first heap   total reserved 4147200K, committed 96256K, used 76602K [0x0000000702e00000, 0x0000000800000000)
  region size 2048K, 25 young (51200K), 3 survivors (6144K)
 Metaspace       used 73950K, committed 74688K, reserved 1179648K
  class space    used 8391K, committed 8704K, reserved 1048576K
}
Event: 17.790 GC heap after
{Heap after GC invocations=15 (full 0):
 garbage-first heap   total reserved 4147200K, committed 96256K, used 38446K [0x0000000702e00000, 0x0000000800000000)
  region size 2048K, 4 young (8192K), 4 survivors (8192K)
 Metaspace       used 73950K, committed 74688K, reserved 1179648K
  class space    used 8391K, committed 8704K, reserved 1048576K
}

Dll operation events (13 events):
Event: 0.012 Loaded shared library C:\Users\chari\.jdks\openjdk-24\bin\java.dll
Event: 0.178 Loaded shared library C:\Users\chari\.jdks\openjdk-24\bin\zip.dll
Event: 0.181 Loaded shared library C:\Users\chari\.jdks\openjdk-24\bin\instrument.dll
Event: 0.188 Loaded shared library C:\Users\chari\.jdks\openjdk-24\bin\net.dll
Event: 0.192 Loaded shared library C:\Users\chari\.jdks\openjdk-24\bin\nio.dll
Event: 0.196 Loaded shared library C:\Users\chari\.jdks\openjdk-24\bin\zip.dll
Event: 0.272 Loaded shared library C:\Users\chari\.jdks\openjdk-24\bin\jimage.dll
Event: 0.315 Loaded shared library C:\Users\chari\.jdks\openjdk-24\bin\extnet.dll
Event: 0.330 Loaded shared library C:\Users\chari\.jdks\openjdk-24\bin\management.dll
Event: 0.341 Loaded shared library C:\Users\chari\.jdks\openjdk-24\bin\management_ext.dll
Event: 1.628 Loaded shared library C:\Users\chari\.jdks\openjdk-24\bin\sunmscapi.dll
Event: 3.304 Loaded shared library C:\Users\chari\.jdks\openjdk-24\bin\verify.dll
Event: 17.686 Loaded shared library C:\Users\chari\AppData\Local\Temp\idea_libasyncProfiler_dll_temp_folder\libasyncProfiler.dll

Deoptimization events (4 events):
Event: 2.532 Thread 0x000002bd16139f10 DEOPT PACKING pc=0x000002bcc508b314 sp=0x000000f7dc2fbda0
Event: 2.532 Thread 0x000002bd16139f10 DEOPT UNPACKING pc=0x000002bcc4955722 sp=0x000000f7dc2fb348 mode 0
Event: 2.532 Thread 0x000002bd16139f10 DEOPT PACKING pc=0x000002bcc504a3cc sp=0x000000f7dc2fbfa0
Event: 2.532 Thread 0x000002bd16139f10 DEOPT UNPACKING pc=0x000002bcc4955722 sp=0x000000f7dc2fb460 mode 0

Classes loaded (20 events):
Event: 17.836 Loading class jdk/jfr/internal/MetadataWriter
Event: 17.837 Loading class jdk/jfr/internal/MetadataWriter done
Event: 17.837 Loading class jdk/jfr/internal/MetadataDescriptor$Element
Event: 17.837 Loading class jdk/jfr/internal/MetadataDescriptor$Element done
Event: 17.837 Loading class jdk/jfr/internal/MetadataDescriptor$Attribute
Event: 17.837 Loading class jdk/jfr/internal/MetadataDescriptor$Attribute done
Event: 17.841 Loading class jdk/jfr/internal/consumer/StringParser$Encoding
Event: 17.841 Loading class jdk/jfr/internal/consumer/StringParser$Encoding done
Event: 17.848 Loading class jdk/jfr/internal/consumer/RepositoryFiles
Event: 17.849 Loading class jdk/jfr/internal/consumer/RepositoryFiles done
Event: 17.853 Loading class jdk/jfr/internal/SettingsManager$InternalSetting
Event: 17.853 Loading class jdk/jfr/internal/SettingsManager$InternalSetting done
Event: 17.854 Loading class jdk/jfr/internal/util/Rate
Event: 17.854 Loading class jdk/jfr/internal/util/Rate done
Event: 17.854 Loading class jdk/jfr/internal/util/TimespanUnit
Event: 17.854 Loading class jdk/jfr/internal/util/TimespanUnit done
Event: 17.855 Loading class jdk/jfr/internal/util/ValueParser
Event: 17.855 Loading class jdk/jfr/internal/util/ValueParser done
Event: 17.856 Loading class jdk/jfr/internal/periodic/PeriodicType
Event: 17.856 Loading class jdk/jfr/internal/periodic/PeriodicType done

Classes unloaded (0 events):
No events

Classes redefined (0 events):
No events

Internal exceptions (20 events):
Event: 6.998 Thread 0x000002bd16139f10 Exception <a 'java/lang/NoSuchMethodError'{0x000000070741b598}: 'java.lang.Object java.lang.invoke.DirectMethodHandle$Holder.invokeStatic(java.lang.Object, int, java.lang.Object)'> (0x000000070741b598) 
thrown [s\open\src\hotspot\share\interpreter\linkResolver.cpp, line 805]
Event: 7.062 Thread 0x000002bd16139f10 Exception <a 'java/lang/NoSuchMethodError'{0x00000007071853b0}: 'int java.lang.invoke.DirectMethodHandle$Holder.invokeStaticInit(java.lang.Object, int, java.lang.Object, java.lang.Object, java.lang.Object, java.lang.Object)'> (0x00000007071853b0) 
thrown [s\open\src\hotspot\share\interpreter\linkResolver.cpp, line 805]
Event: 7.190 Thread 0x000002bd16139f10 Exception <a 'java/lang/NoSuchMethodError'{0x000000070696ee58}: 'java.lang.Object java.lang.invoke.DirectMethodHandle$Holder.newInvokeSpecial(java.lang.Object, java.lang.Object, java.lang.Object, java.lang.Object, java.lang.Object, java.lang.Object, java.lang.Object, java.lang.Object)'> (0x000000070696ee58) 
thrown [s\open\src\hotspot\share\interpreter\linkResolver.cpp, line 805]
Event: 7.216 Thread 0x000002bd16139f10 Exception <a 'java/io/IOException'{0x0000000706770a90}> (0x0000000706770a90) 
thrown [s\open\src\hotspot\share\prims\jni.cpp, line 518]
Event: 7.339 Thread 0x000002bd16139f10 Exception <a 'java/lang/IncompatibleClassChangeError'{0x0000000705f72000}: Found class java.lang.Object, but interface was expected> (0x0000000705f72000) 
thrown [s\open\src\hotspot\share\interpreter\linkResolver.cpp, line 872]
Event: 7.547 Thread 0x000002bd16139f10 Exception <a 'java/lang/NoSuchMethodError'{0x000000070823cbb8}: 'int java.lang.invoke.DirectMethodHandle$Holder.invokeStaticInit(java.lang.Object, java.lang.Object, java.lang.Object, java.lang.Object)'> (0x000000070823cbb8) 
thrown [s\open\src\hotspot\share\interpreter\linkResolver.cpp, line 805]
Event: 7.623 Thread 0x000002bd16139f10 Exception <a 'java/lang/IncompatibleClassChangeError'{0x0000000707e1a478}: Found class java.lang.Object, but interface was expected> (0x0000000707e1a478) 
thrown [s\open\src\hotspot\share\interpreter\linkResolver.cpp, line 872]
Event: 7.843 Thread 0x000002bd16139f10 Exception <a 'java/lang/NoSuchMethodError'{0x00000007078ac778}: 'java.lang.Object java.lang.invoke.DirectMethodHandle$Holder.newInvokeSpecial(java.lang.Object, java.lang.Object, int, java.lang.Object, java.lang.Object)'> (0x00000007078ac778) 
thrown [s\open\src\hotspot\share\interpreter\linkResolver.cpp, line 805]
Event: 8.278 Thread 0x000002bd16366560 Exception <a 'java/lang/NoSuchMethodError'{0x00000007075264d0}: 'java.lang.Object java.lang.invoke.DirectMethodHandle$Holder.invokeInterface(java.lang.Object, java.lang.Object, java.lang.Object, java.lang.Object, java.lang.Object, java.lang.Object, java.lang.Object)'> (0x00000007075264d0) 
thrown [s\open\src\hotspot\share\interpreter\linkResolver.cpp, line 805]
Event: 9.609 Thread 0x000002bd1797cc60 Exception <a 'java/lang/NoSuchMethodError'{0x00000007076feca8}: 'java.lang.Object java.lang.invoke.DirectMethodHandle$Holder.invokeStatic(java.lang.Object, java.lang.Object, java.lang.Object, int, int)'> (0x00000007076feca8) 
thrown [s\open\src\hotspot\share\interpreter\linkResolver.cpp, line 805]
Event: 9.609 Thread 0x000002bd1797cc60 Exception <a 'java/lang/NoSuchMethodError'{0x00000007075d6910}: 'java.lang.Object java.lang.invoke.DirectMethodHandle$Holder.invokeStaticInit(java.lang.Object, java.lang.Object, java.lang.Object, int, int)'> (0x00000007075d6910) 
thrown [s\open\src\hotspot\share\interpreter\linkResolver.cpp, line 805]
Event: 9.643 Thread 0x000002bd15654700 Exception <a 'java/lang/NoSuchMethodError'{0x00000007072bd300}: 'java.lang.Object java.lang.invoke.DirectMethodHandle$Holder.invokeSpecial(java.lang.Object, java.lang.Object, java.lang.Object, java.lang.Object, java.lang.Object, long)'> (0x00000007072bd300) 
thrown [s\open\src\hotspot\share\interpreter\linkResolver.cpp, line 805]
Event: 9.643 Thread 0x000002bd15654700 Exception <a 'java/lang/NoSuchMethodError'{0x00000007072c5c20}: 'java.lang.Object java.lang.invoke.DirectMethodHandle$Holder.invokeSpecial(java.lang.Object, java.lang.Object, java.lang.Object, java.lang.Object, java.lang.Object, java.lang.Object, long)'> (0x00000007072c5c20) 
thrown [s\open\src\hotspot\share\interpreter\linkResolver.cpp, line 805]
Event: 9.643 Thread 0x000002bd15654700 Exception <a 'java/lang/NoSuchMethodError'{0x00000007072cdf98}: 'java.lang.Object java.lang.invoke.DelegatingMethodHandle$Holder.reinvoke_L(java.lang.Object, java.lang.Object, java.lang.Object, java.lang.Object, java.lang.Object, long)'> (0x00000007072cdf98) 
thrown [s\open\src\hotspot\share\interpreter\linkResolver.cpp, line 805]
Event: 9.644 Thread 0x000002bd15654700 Exception <a 'java/lang/NoSuchMethodError'{0x00000007072de3b0}: 'java.lang.Object java.lang.invoke.Invokers$Holder.linkToTargetMethod(java.lang.Object, java.lang.Object, java.lang.Object, long, java.lang.Object)'> (0x00000007072de3b0) 
thrown [s\open\src\hotspot\share\interpreter\linkResolver.cpp, line 805]
Event: 17.826 Thread 0x000002bccfc28380 Exception <a 'java/lang/NoSuchMethodError'{0x000000070f12bd28}: 'void java.lang.invoke.DirectMethodHandle$Holder.invokeSpecial(java.lang.Object, java.lang.Object, int)'> (0x000000070f12bd28) 
thrown [s\open\src\hotspot\share\interpreter\linkResolver.cpp, line 805]
Event: 17.826 Thread 0x000002bccfc28380 Exception <a 'java/lang/NoSuchMethodError'{0x000000070f133948}: 'void java.lang.invoke.Invokers$Holder.invokeExact_MT(java.lang.Object, int, java.lang.Object)'> (0x000000070f133948) 
thrown [s\open\src\hotspot\share\interpreter\linkResolver.cpp, line 805]
Event: 17.830 Thread 0x000002bccfc28380 Exception <a 'sun/nio/fs/WindowsException'{0x000000070f185fd0}> (0x000000070f185fd0) 
thrown [s\open\src\hotspot\share\prims\jni.cpp, line 518]
Event: 17.832 Thread 0x000002bccfc28380 Exception <a 'sun/nio/fs/WindowsException'{0x000000070f192e68}> (0x000000070f192e68) 
thrown [s\open\src\hotspot\share\prims\jni.cpp, line 518]
Event: 17.834 Thread 0x000002bccfc28380 Exception <a 'sun/nio/fs/WindowsException'{0x000000070f1b6aa0}> (0x000000070f1b6aa0) 
thrown [s\open\src\hotspot\share\prims\jni.cpp, line 518]

VM Operations (20 events):
Event: 7.416 Executing VM operation: G1CollectForAllocation (G1 Evacuation Pause)
Event: 7.421 Executing VM operation: G1CollectForAllocation (G1 Evacuation Pause) done
Event: 7.529 Executing VM operation: HandshakeAllThreads (Deoptimize)
Event: 7.529 Executing VM operation: HandshakeAllThreads (Deoptimize) done
Event: 7.841 Executing VM operation: HandshakeAllThreads (Deoptimize)
Event: 7.841 Executing VM operation: HandshakeAllThreads (Deoptimize) done
Event: 9.656 Executing VM operation: HandshakeAllThreads (Deoptimize)
Event: 9.656 Executing VM operation: HandshakeAllThreads (Deoptimize) done
Event: 9.726 Executing VM operation: HandshakeAllThreads (Deoptimize)
Event: 9.726 Executing VM operation: HandshakeAllThreads (Deoptimize) done
Event: 9.728 Executing VM operation: HandshakeAllThreads (Deoptimize)
Event: 9.728 Executing VM operation: HandshakeAllThreads (Deoptimize) done
Event: 10.235 Executing VM operation: HandshakeAllThreads (Deoptimize)
Event: 10.235 Executing VM operation: HandshakeAllThreads (Deoptimize) done
Event: 10.304 Executing VM operation: HandshakeAllThreads (Deoptimize)
Event: 10.304 Executing VM operation: HandshakeAllThreads (Deoptimize) done
Event: 17.782 Executing VM operation: G1CollectForAllocation (G1 Evacuation Pause)
Event: 17.790 Executing VM operation: G1CollectForAllocation (G1 Evacuation Pause) done
Event: 17.850 Executing VM operation: JFRSafepointClear
Event: 17.850 Executing VM operation: JFRSafepointClear done

Memory protections (0 events):
No events

Nmethod flushes (20 events):
Event: 6.774 Thread 0x000002bccfc0aee0 flushing  nmethod 0x000002bcc4e0c688
Event: 6.774 Thread 0x000002bccfc0aee0 flushing  nmethod 0x000002bcc5092c88
Event: 6.774 Thread 0x000002bccfc0aee0 flushing  nmethod 0x000002bcc4e96e88
Event: 6.774 Thread 0x000002bccfc0aee0 flushing  nmethod 0x000002bcc4fd3808
Event: 6.774 Thread 0x000002bccfc0aee0 flushing  nmethod 0x000002bcc4fd4b08
Event: 6.774 Thread 0x000002bccfc0aee0 flushing  nmethod 0x000002bcc4ffb708
Event: 6.774 Thread 0x000002bccfc0aee0 flushing  nmethod 0x000002bcc4ffc108
Event: 6.774 Thread 0x000002bccfc0aee0 flushing  nmethod 0x000002bcc5072688
Event: 6.774 Thread 0x000002bccfc0aee0 flushing  nmethod 0x000002bcc508a788
Event: 6.774 Thread 0x000002bccfc0aee0 flushing  nmethod 0x000002bcc4d06908
Event: 6.774 Thread 0x000002bccfc0aee0 flushing  nmethod 0x000002bcc4eb8808
Event: 6.774 Thread 0x000002bccfc0aee0 flushing  nmethod 0x000002bcc4f61108
Event: 6.774 Thread 0x000002bccfc0aee0 flushing  nmethod 0x000002bcc4fddd88
Event: 6.774 Thread 0x000002bccfc0aee0 flushing  nmethod 0x000002bcc504a088
Event: 6.774 Thread 0x000002bccfc0aee0 flushing  nmethod 0x000002bcc504ad88
Event: 6.774 Thread 0x000002bccfc0aee0 flushing  nmethod 0x000002bcc504b308
Event: 6.774 Thread 0x000002bccfc0aee0 flushing  nmethod 0x000002bcc50a0408
Event: 6.774 Thread 0x000002bccfc0aee0 flushing  nmethod 0x000002bcc4dda088
Event: 6.774 Thread 0x000002bccfc0aee0 flushing  nmethod 0x000002bcc4f7e608
Event: 6.774 Thread 0x000002bccfc0aee0 flushing  nmethod 0x000002bcc506f008

Events (20 events):
Event: 7.857 Thread 0x000002bd16139f10 Thread added: 0x000002bd1797bdc0
Event: 7.858 Thread 0x000002bd16139f10 Thread added: 0x000002bd1797cc60
Event: 7.871 Thread 0x000002bd16139f10 Thread exited: 0x000002bd16139f10
Event: 7.872 Thread 0x000002bd161381f0 Thread exited: 0x000002bd161381f0
Event: 7.872 Thread 0x000002bcba61a710 Thread exited: 0x000002bcba61a710
Event: 7.872 Thread 0x000002bd1797d3b0 Thread added: 0x000002bd1797d3b0
Event: 8.270 Thread 0x000002bd16366560 Thread added: 0x000002bd1797a080
Event: 8.273 Thread 0x000002bd1797a080 Thread exited: 0x000002bd1797a080
Event: 8.274 Thread 0x000002bd16366560 Thread added: 0x000002bd1797a080
Event: 8.280 Thread 0x000002bd1797a080 Thread exited: 0x000002bd1797a080
Event: 8.282 Thread 0x000002bd16366560 Thread added: 0x000002bd1797a080
Event: 8.290 Thread 0x000002bd1797a080 Thread exited: 0x000002bd1797a080
Event: 11.468 Thread 0x000002bd151e8a10 Thread exited: 0x000002bd151e8a10
Event: 12.191 Thread 0x000002bd16369140 Thread exited: 0x000002bd16369140
Event: 14.929 Thread 0x000002bd151e8280 Thread exited: 0x000002bd151e8280
Event: 15.931 Thread 0x000002bd150c7100 Thread exited: 0x000002bd150c7100
Event: 17.748 Thread 0x000002bccfc28380 Thread added: 0x000002bd1797a080
Event: 17.795 Thread 0x000002bccfc2b520 Thread added: 0x000002bd17cc8fe0
Event: 17.795 Thread 0x000002bccfc2b520 Thread added: 0x000002bd17cc71a0
Event: 17.828 Thread 0x000002bccfc28380 Thread added: 0x000002bd1797f0f0


Dynamic libraries:
0x00007ff60b440000 - 0x00007ff60b44e000 	C:\Users\chari\.jdks\openjdk-24\bin\java.exe
0x00007ffbc72c0000 - 0x00007ffbc7525000 	C:\WINDOWS\SYSTEM32\ntdll.dll
0x00007ffbc5be0000 - 0x00007ffbc5ca9000 	C:\WINDOWS\System32\KERNEL32.DLL
0x00007ffbc4910000 - 0x00007ffbc4cf8000 	C:\WINDOWS\System32\KERNELBASE.dll
0x00007ffbc4410000 - 0x00007ffbc455b000 	C:\WINDOWS\System32\ucrtbase.dll
0x00007ffbb0e50000 - 0x00007ffbb0e6b000 	C:\Users\chari\.jdks\openjdk-24\bin\VCRUNTIME140.dll
0x00007ffbb0e30000 - 0x00007ffbb0e46000 	C:\Users\chari\.jdks\openjdk-24\bin\jli.dll
0x00007ffbc5d20000 - 0x00007ffbc5eea000 	C:\WINDOWS\System32\USER32.dll
0x00007ffbb0230000 - 0x00007ffbb04ca000 	C:\WINDOWS\WinSxS\amd64_microsoft.windows.common-controls_6595b64144ccf1df_6.0.26100.4202_none_3e0698d4e335f517\COMCTL32.dll
0x00007ffbc4560000 - 0x00007ffbc4587000 	C:\WINDOWS\System32\win32u.dll
0x00007ffbc5340000 - 0x00007ffbc53e9000 	C:\WINDOWS\System32\msvcrt.dll
0x00007ffbc5cf0000 - 0x00007ffbc5d1b000 	C:\WINDOWS\System32\GDI32.dll
0x00007ffbc4e80000 - 0x00007ffbc4fb7000 	C:\WINDOWS\System32\gdi32full.dll
0x00007ffbc4590000 - 0x00007ffbc4633000 	C:\WINDOWS\System32\msvcp_win.dll
0x00007ffbc5cb0000 - 0x00007ffbc5ce0000 	C:\WINDOWS\System32\IMM32.DLL
0x00007ffbbf8b0000 - 0x00007ffbbf8bc000 	C:\Users\chari\.jdks\openjdk-24\bin\vcruntime140_1.dll
0x00007ffba0b10000 - 0x00007ffba0b9e000 	C:\Users\chari\.jdks\openjdk-24\bin\msvcp140.dll
0x00007ffaebf70000 - 0x00007ffaecd12000 	C:\Users\chari\.jdks\openjdk-24\bin\server\jvm.dll
0x00007ffbc5220000 - 0x00007ffbc52d3000 	C:\WINDOWS\System32\ADVAPI32.dll
0x00007ffbc61e0000 - 0x00007ffbc6286000 	C:\WINDOWS\System32\sechost.dll
0x00007ffbc5ac0000 - 0x00007ffbc5bd5000 	C:\WINDOWS\System32\RPCRT4.dll
0x00007ffbc5930000 - 0x00007ffbc59a4000 	C:\WINDOWS\System32\WS2_32.dll
0x00007ffbc3050000 - 0x00007ffbc30ae000 	C:\WINDOWS\SYSTEM32\POWRPROF.dll
0x00007ffbb4680000 - 0x00007ffbb46b5000 	C:\WINDOWS\SYSTEM32\WINMM.dll
0x00007ffbb7a50000 - 0x00007ffbb7a5b000 	C:\WINDOWS\SYSTEM32\VERSION.dll
0x00007ffbc3030000 - 0x00007ffbc3044000 	C:\WINDOWS\SYSTEM32\UMPDC.dll
0x00007ffbc32f0000 - 0x00007ffbc330b000 	C:\WINDOWS\SYSTEM32\kernel.appcore.dll
0x00007ffbbf7f0000 - 0x00007ffbbf7fa000 	C:\Users\chari\.jdks\openjdk-24\bin\jimage.dll
0x00007ffbb04d0000 - 0x00007ffbb0711000 	C:\WINDOWS\SYSTEM32\DBGHELP.DLL
0x00007ffbc55a0000 - 0x00007ffbc5925000 	C:\WINDOWS\System32\combase.dll
0x00007ffbc5460000 - 0x00007ffbc5541000 	C:\WINDOWS\System32\OLEAUT32.dll
0x00007ffb9e230000 - 0x00007ffb9e269000 	C:\WINDOWS\SYSTEM32\dbgcore.DLL
0x00007ffbc4fc0000 - 0x00007ffbc5059000 	C:\WINDOWS\System32\bcryptPrimitives.dll
0x00007ffbbe2d0000 - 0x00007ffbbe2df000 	C:\Users\chari\.jdks\openjdk-24\bin\instrument.dll
0x00007ffbaab90000 - 0x00007ffbaabae000 	C:\Users\chari\.jdks\openjdk-24\bin\java.dll
0x00007ffbc5070000 - 0x00007ffbc520e000 	C:\WINDOWS\System32\ole32.dll
0x00007ffbc6b30000 - 0x00007ffbc7272000 	C:\WINDOWS\System32\SHELL32.dll
0x00007ffbc4790000 - 0x00007ffbc4904000 	C:\WINDOWS\System32\wintypes.dll
0x00007ffbc20b0000 - 0x00007ffbc2907000 	C:\WINDOWS\SYSTEM32\windows.storage.dll
0x00007ffbc6a30000 - 0x00007ffbc6b21000 	C:\WINDOWS\System32\SHCORE.dll
0x00007ffbc53f0000 - 0x00007ffbc545a000 	C:\WINDOWS\System32\shlwapi.dll
0x00007ffbc4320000 - 0x00007ffbc434f000 	C:\WINDOWS\SYSTEM32\profapi.dll
0x00007ffba9d30000 - 0x00007ffba9d47000 	C:\Users\chari\.jdks\openjdk-24\bin\zip.dll
0x00007ffba9d70000 - 0x00007ffba9d80000 	C:\Users\chari\.jdks\openjdk-24\bin\net.dll
0x00007ffbc3860000 - 0x00007ffbc38ca000 	C:\WINDOWS\system32\mswsock.dll
0x00007ffba9d50000 - 0x00007ffba9d66000 	C:\Users\chari\.jdks\openjdk-24\bin\nio.dll
0x00007ffbc2d80000 - 0x00007ffbc2ea7000 	C:\WINDOWS\SYSTEM32\DNSAPI.dll
0x00007ffbc2d40000 - 0x00007ffbc2d73000 	C:\WINDOWS\SYSTEM32\IPHLPAPI.DLL
0x00007ffbc5330000 - 0x00007ffbc533a000 	C:\WINDOWS\System32\NSI.dll
0x00007ffbbb660000 - 0x00007ffbbb66b000 	C:\Windows\System32\rasadhlp.dll
0x00007ffba9d20000 - 0x00007ffba9d29000 	C:\Users\chari\.jdks\openjdk-24\bin\extnet.dll
0x00007ffbbdd90000 - 0x00007ffbbde16000 	C:\WINDOWS\System32\fwpuclnt.dll
0x00007ffba9d10000 - 0x00007ffba9d1a000 	C:\Users\chari\.jdks\openjdk-24\bin\management.dll
0x00007ffba2d80000 - 0x00007ffba2d8b000 	C:\Users\chari\.jdks\openjdk-24\bin\management_ext.dll
0x00007ffbc5060000 - 0x00007ffbc5068000 	C:\WINDOWS\System32\PSAPI.DLL
0x00007ffbc3b10000 - 0x00007ffbc3b2b000 	C:\WINDOWS\SYSTEM32\CRYPTSP.dll
0x00007ffbc3250000 - 0x00007ffbc328a000 	C:\WINDOWS\system32\rsaenh.dll
0x00007ffbc3900000 - 0x00007ffbc392b000 	C:\WINDOWS\SYSTEM32\USERENV.dll
0x00007ffbc42f0000 - 0x00007ffbc4316000 	C:\WINDOWS\SYSTEM32\bcrypt.dll
0x00007ffbc3b30000 - 0x00007ffbc3b3c000 	C:\WINDOWS\SYSTEM32\CRYPTBASE.dll
0x00007ffb3a1c0000 - 0x00007ffb3a1d8000 	C:\WINDOWS\system32\napinsp.dll
0x00007ffb3a1a0000 - 0x00007ffb3a1b2000 	C:\WINDOWS\System32\winrnr.dll
0x00007ffb41460000 - 0x00007ffb41490000 	C:\WINDOWS\system32\nlansp_c.dll
0x00007ffbb5b50000 - 0x00007ffbb5b70000 	C:\WINDOWS\system32\wshbth.dll
0x00007ffba2d70000 - 0x00007ffba2d7e000 	C:\Users\chari\.jdks\openjdk-24\bin\sunmscapi.dll
0x00007ffbc4d00000 - 0x00007ffbc4e77000 	C:\WINDOWS\System32\CRYPT32.dll
0x00007ffbc3d30000 - 0x00007ffbc3d60000 	C:\WINDOWS\SYSTEM32\ncrypt.dll
0x00007ffbc3ce0000 - 0x00007ffbc3d1f000 	C:\WINDOWS\SYSTEM32\NTASN1.dll
0x00007ffba0e00000 - 0x00007ffba0e10000 	C:\Users\chari\.jdks\openjdk-24\bin\verify.dll
0x00007ffba9ea0000 - 0x00007ffba9ea8000 	C:\WINDOWS\system32\wshunix.dll
0x00007ffb591c0000 - 0x00007ffb593ce000 	C:\Users\chari\AppData\Local\Temp\idea_libasyncProfiler_dll_temp_folder\libasyncProfiler.dll
0x00007ffba5340000 - 0x00007ffba538e000 	C:\WINDOWS\SYSTEM32\pdh.dll
0x00007ffbb1b80000 - 0x00007ffbb1b92000 	C:\WINDOWS\System32\perfproc.dll

dbghelp: loaded successfully - version: 4.0.5 - missing functions: none
symbol engine: initialized successfully - sym options: 0x614 - pdb path: .;C:\Users\chari\.jdks\openjdk-24\bin;C:\WINDOWS\SYSTEM32;C:\WINDOWS\WinSxS\amd64_microsoft.windows.common-controls_6595b64144ccf1df_6.0.26100.4202_none_3e0698d4e335f517;C:\Users\chari\.jdks\openjdk-24\bin\server;C:\Users\chari\AppData\Local\Temp\idea_libasyncProfiler_dll_temp_folder

VM Arguments:
jvm_args: -XX:TieredStopAtLevel=1 -Dspring.output.ansi.enabled=always -Dcom.sun.management.jmxremote -Dspring.jmx.enabled=true -Dspring.liveBeansView.mbeanDomain -Dspring.application.admin.enabled=true -Dmanagement.endpoints.jmx.exposure.include=* -javaagent:C:\Program Files\JetBrains\IntelliJ IDEA 2024.3.5\lib\idea_rt.jar=55291 -Dfile.encoding=UTF-8 -Dsun.stdout.encoding=UTF-8 -Dsun.stderr.encoding=UTF-8 
java_command: com.example.academic_system.AcademicSystemApplication
java_class_path (initial): C:\Users\chari\IdeaProjects\Academic_System\target\classes;C:\Users\chari\.m2\repository\org\springframework\boot\spring-boot-starter-data-jpa\3.5.0\spring-boot-starter-data-jpa-3.5.0.jar;C:\Users\chari\.m2\repository\org\springframework\boot\spring-boot-starter\3.5.0\spring-boot-starter-3.5.0.jar;C:\Users\chari\.m2\repository\org\springframework\boot\spring-boot-starter-logging\3.5.0\spring-boot-starter-logging-3.5.0.jar;C:\Users\chari\.m2\repository\ch\qos\logback\logback-classic\1.5.18\logback-classic-1.5.18.jar;C:\Users\chari\.m2\repository\ch\qos\logback\logback-core\1.5.18\logback-core-1.5.18.jar;C:\Users\chari\.m2\repository\org\apache\logging\log4j\log4j-to-slf4j\2.24.3\log4j-to-slf4j-2.24.3.jar;C:\Users\chari\.m2\repository\org\apache\logging\log4j\log4j-api\2.24.3\log4j-api-2.24.3.jar;C:\Users\chari\.m2\repository\org\slf4j\jul-to-slf4j\2.0.17\jul-to-slf4j-2.0.17.jar;C:\Users\chari\.m2\repository\jakarta\annotation\jakarta.annotation-api\2.1.1\jakarta.annotation-api-2.1.1.jar;C:\Users\chari\.m2\repository\org\yaml\snakeyaml\2.4\snakeyaml-2.4.jar;C:\Users\chari\.m2\repository\org\springframework\boot\spring-boot-starter-jdbc\3.5.0\spring-boot-starter-jdbc-3.5.0.jar;C:\Users\chari\.m2\repository\com\zaxxer\HikariCP\6.3.0\HikariCP-6.3.0.jar;C:\Users\chari\.m2\repository\org\springframework\spring-jdbc\6.2.7\spring-jdbc-6.2.7.jar;C:\Users\chari\.m2\repository\org\hibernate\orm\hibernate-core\6.6.15.Final\hibernate-core-6.6.15.Final.jar;C:\Users\chari\.m2\repository\jakarta\persistence\jakarta.persistence-api\3.1.0\jakarta.persistence-api-3.1.0.jar;C:\Users\chari\.m2\repository\jakarta\transaction\jakarta.transaction-api\2.0.1\jakarta.transaction-api-2.0.1.jar;C:\Users\chari\.m2\repository\org\jboss\logging\jboss-logging\3.6.1.Final\jboss-logging-3.6.1.Final.jar;C:\Users\chari\.m2\repository\org\hibernate\common\hibernate-commons-annotations\7.0.3.Final\hibernate-commons-annotations-7.0.3.Final.jar;C:\Users\chari\.m2\repository\io\smallrye\jandex\3.2.0\jandex-3.2.0.jar;C:\Users\chari\.m2\repository\com\fasterxml\classmate\1.7.0\classmate-1.7.0.jar;C:\Users\chari\.m2\repository\net\bytebuddy\byte-buddy\1.17.5\byte-buddy-1.17.5.jar;C:\Users\chari\.m2\repository\org\glassfish\jaxb\jaxb-runtime\4.0.5\jaxb-runtime-4.0.5.jar;C:\Users\chari\.m2\repository\org\glassfish\jaxb\jaxb-core\4.0.5\jaxb-core-4.0.5.jar;C:\Users\chari\.m2\repository\org\eclipse\angus\angus-activation\2.0.2\angus-activation-2.0.2.jar;C:\Users\chari\.m2\repository\org\glassfish\jaxb\txw2\4.0.5\txw2-4.0.5.jar;C:\Users\chari\.m2\repository\com\sun\istack\istack-commons-runtime\4.1.2\istack-commons-runtime-4.1.2.jar;C:\Users\chari\.m2\repository\jakarta\inject\jakarta.inject-api\2.0.1\jakarta.inject-api-2.0.1.jar;C:\Users\chari\.m2\repository\org\antlr\antlr4-runtime\4.13.0\antlr4-runtime-4.13.0.jar;C:\Users\chari\.m2\repository\org\springframework\data\spring-data-jpa\3.5.0\spring-data-jpa-3.5.0.jar;C:\Users\chari\.m2\repository\org\springframework\data\spring-data-commons\3.5.0\spring-data-commons-3.5.0.jar;C:\Users\chari\.m2\repository\org\springframework\spring-orm\6.2.7\spring-orm-6.2.7.jar;C:\Users\chari\.m2\repository\org\springframework\spring-context\6.2.7\spring-context-6.2.7.jar;C:\Users\chari\.m2\repository\org\springframework\spring-tx\6.2.7\spring-tx-6.2.7.jar;C:\Users\chari\.m2\repository\org\springframework\spring-beans\6.2.7\spring-beans-6.2.7.jar;C:\Users\chari\.m2\repository\org\springframework\spring-aspects\6.2.7\spring-aspects-6.2.7.jar;C:\Users\chari\.m2\repository\org\aspectj\aspectjweaver\1.9.24\aspectjweaver-1.9.24.jar;C:\Users\chari\.m2\repository\org\springframework\boot\spring-boot-starter-security\3.5.0\spring-boot-starter-security-3.5.0.jar;C:\Users\chari\.m2\repository\org\springframework\spring-aop\6.2.7\spring-aop-6.2.7.jar;C:\Users\chari\.m2\repository\org\springframework\security\spring-security-config\6.5.0\spring-security-config-6.5.0.jar;C:\Users\chari\.m2\repository\org\springframework\security\spring-security-web\6.5.0\spring-security-web-6.5.0.jar;C:\Users\chari\.m2\repository\org\springframework\spring-expression\6.2.7\spring-expression-6.2.7.jar;C:\Users\chari\.m2\repository\org\springframework\boot\spring-boot-starter-web\3.5.0\spring-boot-starter-web-3.5.0.jar;C:\Users\chari\.m2\repository\org\springframework\boot\spring-boot-starter-json\3.5.0\spring-boot-starter-json-3.5.0.jar;C:\Users\chari\.m2\repository\com\fasterxml\jackson\core\jackson-databind\2.19.0\jackson-databind-2.19.0.jar;C:\Users\chari\.m2\repository\com\fasterxml\jackson\core\jackson-annotations\2.19.0\jackson-annotations-2.19.0.jar;C:\Users\chari\.m2\repository\com\fasterxml\jackson\core\jackson-core\2.19.0\jackson-core-2.19.0.jar;C:\Users\chari\.m2\repository\com\fasterxml\jackson\datatype\jackson-datatype-jdk8\2.19.0\jackson-datatype-jdk8-2.19.0.jar;C:\Users\chari\.m2\repository\com\fasterxml\jackson\datatype\jackson-datatype-jsr310\2.19.0\jackson-datatype-jsr310-2.19.0.jar;C:\Users\chari\.m2\repository\com\fasterxml\jackson\module\jackson-module-parameter-names\2.19.0\jackson-module-parameter-names-2.19.0.jar;C:\Users\chari\.m2\repository\org\springframework\boot\spring-boot-starter-tomcat\3.5.0\spring-boot-starter-tomcat-3.5.0.jar;C:\Users\chari\.m2\repository\org\apache\tomcat\embed\tomcat-embed-core\10.1.41\tomcat-embed-core-10.1.41.jar;C:\Users\chari\.m2\repository\org\apache\tomcat\embed\tomcat-embed-el\10.1.41\tomcat-embed-el-10.1.41.jar;C:\Users\chari\.m2\repository\org\apache\tomcat\embed\tomcat-embed-websocket\10.1.41\tomcat-embed-websocket-10.1.41.jar;C:\Users\chari\.m2\repository\org\springframework\spring-web\6.2.7\spring-web-6.2.7.jar;C:\Users\chari\.m2\repository\io\micrometer\micrometer-observation\1.15.0\micrometer-observation-1.15.0.jar;C:\Users\chari\.m2\repository\io\micrometer\micrometer-commons\1.15.0\micrometer-commons-1.15.0.jar;C:\Users\chari\.m2\repository\org\springframework\spring-webmvc\6.2.7\spring-webmvc-6.2.7.jar;C:\Users\chari\.m2\repository\org\springframework\boot\spring-boot-devtools\3.5.0\spring-boot-devtools-3.5.0.jar;C:\Users\chari\.m2\repository\org\springframework\boot\spring-boot\3.5.0\spring-boot-3.5.0.jar;C:\Users\chari\.m2\repository\org\springframework\boot\spring-boot-autoconfigure\3.5.0\spring-boot-autoconfigure-3.5.0.jar;C:\Users\chari\.m2\repository\org\postgresql\postgresql\42.7.3\postgresql-42.7.3.jar;C:\Users\chari\.m2\repository\org\checkerframework\checker-qual\3.42.0\checker-qual-3.42.0.jar;C:\Users\chari\.m2\repository\jakarta\xml\bind\jakarta.xml.bind-api\4.0.2\jakarta.xml.bind-api-4.0.2.jar;C:\Users\chari\.m2\repository\jakarta\activation\jakarta.activation-api\2.1.3\jakarta.activation-api-2.1.3.jar;C:\Users\chari\.m2\repository\org\springframework\spring-core\6.2.7\spring-core-6.2.7.jar;C:\Users\chari\.m2\repository\org\springframework\spring-jcl\6.2.7\spring-jcl-6.2.7.jar;C:\Users\chari\.m2\repository\org\springframework\security\spring-security-core\6.5.0\spring-security-core-6.5.0.jar;C:\Users\chari\.m2\repository\org\springframework\security\spring-security-crypto\6.5.0\spring-security-crypto-6.5.0.jar;C:\Users\chari\.m2\repository\com\h2database\h2\2.3.232\h2-2.3.232.jar;C:\Users\chari\.m2\repository\org\springframework\boot\spring-boot-starter-thymeleaf\3.5.0\spring-boot-starter-thymeleaf-3.5.0.jar;C:\Users\chari\.m2\repository\org\thymeleaf\thymeleaf-spring6\3.1.3.RELEASE\thymeleaf-spring6-3.1.3.RELEASE.jar;C:\Users\chari\.m2\repository\org\thymeleaf\thymeleaf\3.1.3.RELEASE\thymeleaf-3.1.3.RELEASE.jar;C:\Users\chari\.m2\repository\org\attoparser\attoparser\2.0.7.RELEASE\attoparser-2.0.7.RELEASE.jar;C:\Users\chari\.m2\repository\org\unbescape\unbescape\1.1.6.RELEASE\unbescape-1.1.6.RELEASE.jar;C:\Users\chari\.m2\repository\org\thymeleaf\extras\thymeleaf-extras-springsecurity6\3.1.3.RELEASE\thymeleaf-extras-springsecurity6-3.1.3.RELEASE.jar;C:\Users\chari\.m2\repository\org\slf4j\slf4j-api\2.0.17\slf4j-api-2.0.17.jar;C:\Users\chari\AppData\Roaming\JetBrains\IntelliJIdea2024.3\javascript\extLibs\http_cdnjs.cloudflare.com_ajax_libs_font-awesome_6.0.0_css_all.css
Launcher Type: SUN_STANDARD

[Global flags]
     intx CICompilerCount                          = 4                                         {product} {ergonomic}
     uint ConcGCThreads                            = 2                                         {product} {ergonomic}
     bool FlightRecorder                           = true                                      {product} {management}
     uint G1ConcRefinementThreads                  = 8                                         {product} {ergonomic}
   size_t G1HeapRegionSize                         = 2097152                                   {product} {ergonomic}
   size_t InitialHeapSize                          = 266338304                                 {product} {ergonomic}
     bool ManagementServer                         = true                                      {product} {command line}
   size_t MarkStackSize                            = 4194304                                   {product} {ergonomic}
   size_t MarkStackSizeMax                         = 536870912                                 {product} {ergonomic}
   size_t MaxHeapSize                              = 4246732800                                {product} {ergonomic}
   size_t MaxNewSize                               = 2548039680                                {product} {ergonomic}
   size_t MinHeapDeltaBytes                        = 2097152                                   {product} {ergonomic}
   size_t MinHeapSize                              = 8388608                                   {product} {ergonomic}
    uintx NonNMethodCodeHeapSize                   = 4096                                   {pd product} {ergonomic}
    uintx NonProfiledCodeHeapSize                  = 0                                      {pd product} {ergonomic}
     bool ProfileInterpreter                       = false                                  {pd product} {command line}
    uintx ProfiledCodeHeapSize                     = 0                                      {pd product} {ergonomic}
   size_t SoftMaxHeapSize                          = 4246732800                             {manageable} {ergonomic}
     intx TieredStopAtLevel                        = 1                                         {product} {command line}
     bool UseCompressedOops                        = true                           {product lp64_product} {ergonomic}
     bool UseG1GC                                  = true                                      {product} {ergonomic}
     bool UseLargePagesIndividualAllocation        = false                                  {pd product} {ergonomic}

Logging:
Log output configuration:
 #0: stdout all=warning uptime,level,tags foldmultilines=false
 #1: stderr all=off uptime,level,tags foldmultilines=false

Environment Variables:
PATH=C:\Users\chari\AppData\Local\Programs\Python\Python312\Scripts\;C:\Users\chari\AppData\Local\Programs\Python\Python312\;C:\Program Files\Common Files\Oracle\Java\javapath;C:\Program Files (x86)\Common Files\Oracle\Java\javapath;C:\Program Files (x86)\Common Files\Intel\Shared Libraries\redist\intel64\compiler;C:\WINDOWS\system32;C:\WINDOWS;C:\WINDOWS\System32\Wbem;C:\WINDOWS\System32\WindowsPowerShell\v1.0\;C:\WINDOWS\System32\OpenSSH\;C:\Program Files (x86)\Intel\Intel(R) Management Engine Components\DAL;C:\Program Files\Intel\Intel(R) Management Engine Components\DAL;C:\Program Files\Microsoft SQL Server\150\Tools\Binn\;C:\Program Files\Microsoft SQL Server\Client SDK\ODBC\170\Tools\Binn\;C:\Program Files\dotnet\;C:\MinGW\bin;C:\FPC\3.2.2\bin\i386-Win32;C:\Program Files\Git\cmd;C:\ProgramData\chocolatey\bin;C:\Program Files\nodejs\;C:\Users\chari\AppData\Local\Microsoft\WindowsApps;C:\Users\chari\AppData\Local\Programs\Microsoft VS Code\bin;C:\Users\chari\.dotnet\tools;C:\MinGW\bin;C:\Users\chari\AppData\Local\GitHubDesktop\bin;C:\Users\chari\AppData\Local\Microsoft\WinGet\Packages\Schniz.fnm_Microsoft.Winget.Source_8wekyb3d8bbwe;C:\Users\chari\AppData\Roaming\npm
USERNAME=chari
OS=Windows_NT
PROCESSOR_IDENTIFIER=Intel64 Family 6 Model 142 Stepping 10, GenuineIntel
TMP=C:\Users\chari\AppData\Local\Temp
TEMP=C:\Users\chari\AppData\Local\Temp




Periodic native trim disabled

---------------  S Y S T E M  ---------------

OS:
 Windows 11 , 64 bit Build 26100 (10.0.26100.4202)
OS uptime: 0 days 7:11 hours

CPU: total 8 (initial active 8) (4 cores per cpu, 2 threads per core) family 6 model 142 stepping 10 microcode 0xf0, cx8, cmov, fxsr, ht, mmx, 3dnowpref, sse, sse2, sse3, ssse3, sse4.1, sse4.2, popcnt, lzcnt, tsc, tscinvbit, avx, avx2, aes, erms, clmul, bmi1, bmi2, rtm, adx, fma, vzeroupper, clflush, clflushopt, rdtscp, f16c
Processor Information for the first 8 processors :
  Max Mhz: 1896, Current Mhz: 1696, Mhz Limit: 1687

Memory: 4k page, system-wide physical 16192M (4518M free)
TotalPageFile size 22336M (AvailPageFile size 7416M)
current process WorkingSet (physical memory assigned to process): 268M, peak: 268M
current process commit charge ("private bytes"): 330M, peak: 380M

vm_info: OpenJDK 64-Bit Server VM (24+36-3646) for windows-amd64 JRE (24+36-3646), built on 2025-02-06T00:20:43Z with MS VC++ 17.6 (VS2022)

END.
